<?xml version="1.0" encoding="UTF-8"?>
<!-- Generated by org.testng.reporters.JUnitReportReporter -->
<testsuite hostname="DESKTOP-45OBOM7" failures="0" tests="12" name="api.testcases.UserTestDD" time="12.709" errors="0" timestamp="2024-03-20T15:53:23 IST" skipped="0">
  <testcase classname="api.testcases.UserTestDD" name="testCreateUser" time="1.075"/>
  <system-out/>
  <testcase classname="api.testcases.UserTestDD" name="testCreateUser" time="1.067"/>
  <system-out/>
  <testcase classname="api.testcases.UserTestDD" name="testCreateUser" time="1.054"/>
  <system-out/>
  <testcase classname="api.testcases.UserTestDD" name="testCreateUser" time="1.053"/>
  <system-out/>
  <testcase classname="api.testcases.UserTestDD" name="testGetUser" time="1.036"/>
  <system-out/>
  <testcase classname="api.testcases.UserTestDD" name="testGetUser" time="1.066"/>
  <system-out/>
  <testcase classname="api.testcases.UserTestDD" name="testGetUser" time="1.065"/>
  <system-out/>
  <testcase classname="api.testcases.UserTestDD" name="testGetUser" time="1.045"/>
  <system-out/>
  <testcase classname="api.testcases.UserTestDD" name="testDelete" time="1.044"/>
  <system-out/>
  <testcase classname="api.testcases.UserTestDD" name="testDelete" time="1.100"/>
  <system-out/>
  <testcase classname="api.testcases.UserTestDD" name="testDelete" time="1.054"/>
  <system-out/>
  <testcase classname="api.testcases.UserTestDD" name="testDelete" time="1.050"/>
  <system-out/>
</testsuite> <!-- api.testcases.UserTestDD -->
