<?xml version="1.0" encoding="UTF-8"?>
<!-- Generated by org.testng.reporters.JUnitReportReporter -->
<testsuite hostname="DESKTOP-45OBOM7" failures="0" tests="4" name="api.testcases.UserTest" time="6.945" errors="0" timestamp="2024-03-20T19:41:09 IST" skipped="0">
  <testcase classname="api.testcases.UserTest" name="testCreateUser" time="2.609"/>
  <system-out/>
  <testcase classname="api.testcases.UserTest" name="testGeteUser" time="1.100"/>
  <system-out/>
  <testcase classname="api.testcases.UserTest" name="testUpdateUser" time="2.160"/>
  <system-out/>
  <testcase classname="api.testcases.UserTest" name="testDeleteUser" time="1.076"/>
  <system-out/>
</testsuite> <!-- api.testcases.UserTest -->
